    Finished test [unoptimized + debuginfo] target(s) 
     Running unittests src/lib.rs 
     Running tests/ui_tests.rs 
   Compiler flags: ["--error-format=json", "--edition=2021"]
   Building test dependencies...
tests/actual_tests/bad_pattern.rs ... FAILED
tests/actual_tests/filters.rs ... FAILED
tests/actual_tests/foomp.rs ... FAILED

tests/actual_tests/bad_pattern.rs FAILED:
command: "rustc" "--error-format=json" "--edition=2021" "--extern" "basic_fail=$DIR/$DIR/../../../target/debug/libbasic_fail-$HASH.rmeta" "-L" "$DIR/$DIR/../../../target/debug" "-L" "$DIR/$DIR/../../../target/debug" "tests/actual_tests/bad_pattern.rs"

substring `miesmÃ¤tsched types` not found in stderr output
expected because of pattern here: tests/actual_tests/bad_pattern.rs:5

There were 1 unmatched diagnostics at tests/actual_tests/bad_pattern.rs:4
    Error: mismatched types

full stderr:
error[E0308]: mismatched types
 --> tests/actual_tests/bad_pattern.rs:4:9
  |
4 |     add("42", 3);
  |     --- ^^^^ expected `usize`, found `&str`
  |     |
  |     arguments to this function are incorrect
  |
note: function defined here
 --> $DIR/$DIR/src/lib.rs:1:8
  |
1 | pub fn add(left: usize, right: usize) -> usize {
  |        ^^^

error: aborting due to previous error

For more information about this error, try `rustc --explain E0308`.



tests/actual_tests/filters.rs FAILED:
command: "parse comments"

Could not parse comment in tests/actual_tests/filters.rs:1 because invalid condition `"x86_64"`, expected `on-host`, /[0-9]+bit/ or /target-.*/

full stderr:



tests/actual_tests/foomp.rs FAILED:
command: "rustc" "--error-format=json" "--edition=2021" "--extern" "basic_fail=$DIR/$DIR/../../../target/debug/libbasic_fail-$HASH.rmeta" "-L" "$DIR/$DIR/../../../target/debug" "-L" "$DIR/$DIR/../../../target/debug" "tests/actual_tests/foomp.rs"

actual output differed from expected
--- tests/actual_tests/foomp.stderr
+++ <stderr output>
... 3 lines skipped ...
 4 |     add("42", 3);
   |     --- ^^^^ expected `usize`, found `&str`
+  |     |
+  |     arguments to this function are incorrect
   |
 note: function defined here
~ --> $DIR/$DIR/src/lib.rs:1:8
   |
 1 | pub fn add(left: usize, right: usize) -> usize {
~  |        ^^^ some expected text that isn't in the actual message
 
-error: aborting doo to previous error
+error: aborting due to previous error
 
 For more information about this error, try `rustc --explain E0308`.
 


full stderr:
error[E0308]: mismatched types
 --> tests/actual_tests/foomp.rs:4:9
  |
4 |     add("42", 3);
  |     --- ^^^^ expected `usize`, found `&str`
  |     |
  |     arguments to this function are incorrect
  |
note: function defined here
 --> $DIR/$DIR/src/lib.rs:1:8
  |
1 | pub fn add(left: usize, right: usize) -> usize {
  |        ^^^

error: aborting due to previous error

For more information about this error, try `rustc --explain E0308`.


FAILURES:
    tests/actual_tests/bad_pattern.rs
    tests/actual_tests/filters.rs
    tests/actual_tests/foomp.rs

test result: FAIL. 3 tests failed, 0 tests passed, 0 ignored, 0 filtered out
error: test failed, to rerun pass `--test ui_tests`

Caused by:
  process didn't exit successfully: `$DIR/target/debug/ui_tests-107eeeee069799c8 --test-threads 1` (exit status: 1)
